
/home/runner/work/exp-design-ultrasonic-sensors-coep/exp-design-ultrasonic-sensors-coep/experiment/simulation/lib/jquery.js
  2:58     warning  'module' is not defined                                                    no-undef
  2:73     warning  'module' is not defined                                                    no-undef
  2:6324   warning  Expected a conditional expression and instead saw an assignment            no-cond-assign
  2:6580   warning  Expected a conditional expression and instead saw an assignment            no-cond-assign
  2:7011   warning  Expected a conditional expression and instead saw an assignment            no-cond-assign
  2:7270   warning  Empty block statement                                                      no-empty
  2:7839   warning  Expected a conditional expression and instead saw an assignment            no-cond-assign
  2:9709   warning  Expected a conditional expression and instead saw an assignment            no-cond-assign
  2:11311  warning  Expected a conditional expression and instead saw an assignment            no-cond-assign
  2:11887  warning  Expected a conditional expression and instead saw an assignment            no-cond-assign
  2:11925  warning  Expected a conditional expression and instead saw an assignment            no-cond-assign
  2:12343  warning  Empty block statement                                                      no-empty
  2:12906  warning  Expected a conditional expression and instead saw an assignment            no-cond-assign
  2:13218  warning  Expected a conditional expression and instead saw an assignment            no-cond-assign
  2:15046  warning  Expected a conditional expression and instead saw an assignment            no-cond-assign
  2:15317  warning  Expected a conditional expression and instead saw an assignment            no-cond-assign
  2:15517  warning  Expected a conditional expression and instead saw an assignment            no-cond-assign
  2:15893  warning  Do not access Object.prototype method 'hasOwnProperty' from target object  no-prototype-builtins
  2:16598  warning  Expected a conditional expression and instead saw an assignment            no-cond-assign
  2:18982  warning  Expected a conditional expression and instead saw an assignment            no-cond-assign
  2:19073  warning  Expected a conditional expression and instead saw an assignment            no-cond-assign
  2:19133  warning  Expected a conditional expression and instead saw an assignment            no-cond-assign
  2:20435  warning  Expected a conditional expression and instead saw an assignment            no-cond-assign
  2:21049  warning  Expected a conditional expression and instead saw an assignment            no-cond-assign
  2:21160  warning  Expected a conditional expression and instead saw an assignment            no-cond-assign
  2:23420  warning  Unnecessary escape character: \[                                           no-useless-escape
  2:23422  warning  Unnecessary escape character: \.                                           no-useless-escape
  2:30761  warning  Empty block statement                                                      no-empty
  2:31981  warning  Empty block statement                                                      no-empty
  3:7811   warning  Expected a conditional expression and instead saw an assignment            no-cond-assign
  3:7951   warning  Expected a conditional expression and instead saw an assignment            no-cond-assign
  3:8441   warning  Empty block statement                                                      no-empty
  3:11852  warning  Empty block statement                                                      no-empty
  3:14493  warning  Empty block statement                                                      no-empty
  3:24051  warning  Empty block statement                                                      no-empty
  3:26100  warning  Move function declaration to function body root                            no-inner-declarations
  3:30714  warning  Empty block statement                                                      no-empty
  4:2546   warning  Expected a conditional expression and instead saw an assignment            no-cond-assign
  4:5062   warning  Expected a conditional expression and instead saw an assignment            no-cond-assign
  4:11701  warning  Expected a conditional expression and instead saw an assignment            no-cond-assign
  4:13447  warning  Empty block statement                                                      no-empty
  4:14747  warning  Expected a conditional expression and instead saw an assignment            no-cond-assign
  4:14827  warning  Expected a conditional expression and instead saw an assignment            no-cond-assign
  4:15164  warning  Expected a conditional expression and instead saw an assignment            no-cond-assign
  4:15244  warning  Expected a conditional expression and instead saw an assignment            no-cond-assign
  4:15659  warning  Expected a conditional expression and instead saw an assignment            no-cond-assign
  4:15915  warning  Expected a conditional expression and instead saw an assignment            no-cond-assign
  4:16492  warning  Unnecessary escape character: \/                                           no-useless-escape
  4:17365  warning  Unnecessary escape character: \/                                           no-useless-escape
  4:17377  warning  Unnecessary escape character: \/                                           no-useless-escape
  4:17610  warning  Expected a conditional expression and instead saw an assignment            no-cond-assign
  4:20109  warning  Expected a conditional expression and instead saw an assignment            no-cond-assign
  4:22009  warning  Expected a conditional expression and instead saw an assignment            no-cond-assign
  4:27128  warning  Empty block statement                                                      no-empty
  4:27205  warning  Empty block statement                                                      no-empty
  5:812    warning  'define' is not defined                                                    no-undef
  5:824    warning  'define' is not defined                                                    no-undef

/home/runner/work/exp-design-ultrasonic-sensors-coep/exp-design-ultrasonic-sensors-coep/experiment/simulation/lib/jquery.min.js
  2:71     warning  'module' is not defined                                                    no-undef
  2:86     warning  'module' is not defined                                                    no-undef
  2:5433   warning  Unexpected control character(s) in regular expression: \x1f, \x1f          no-control-regex
  2:5916   warning  Expected a conditional expression and instead saw an assignment            no-cond-assign
  2:6170   warning  Expected a conditional expression and instead saw an assignment            no-cond-assign
  2:6614   warning  Expected a conditional expression and instead saw an assignment            no-cond-assign
  2:7404   warning  Expected a conditional expression and instead saw an assignment            no-cond-assign
  2:9497   warning  Expected a conditional expression and instead saw an assignment            no-cond-assign
  2:9807   warning  Expected a conditional expression and instead saw an assignment            no-cond-assign
  2:11608  warning  Expected a conditional expression and instead saw an assignment            no-cond-assign
  2:12183  warning  Expected a conditional expression and instead saw an assignment            no-cond-assign
  2:12221  warning  Expected a conditional expression and instead saw an assignment            no-cond-assign
  2:13234  warning  Expected a conditional expression and instead saw an assignment            no-cond-assign
  2:13546  warning  Expected a conditional expression and instead saw an assignment            no-cond-assign
  2:15374  warning  Expected a conditional expression and instead saw an assignment            no-cond-assign
  2:15645  warning  Expected a conditional expression and instead saw an assignment            no-cond-assign
  2:15843  warning  Expected a conditional expression and instead saw an assignment            no-cond-assign
  2:16217  warning  Do not access Object.prototype method 'hasOwnProperty' from target object  no-prototype-builtins
  2:16907  warning  Expected a conditional expression and instead saw an assignment            no-cond-assign
  2:18727  warning  Expected a conditional expression and instead saw an assignment            no-cond-assign
  2:18827  warning  Expected a conditional expression and instead saw an assignment            no-cond-assign
  2:18887  warning  Expected a conditional expression and instead saw an assignment            no-cond-assign
  2:19071  warning  Expected a conditional expression and instead saw an assignment            no-cond-assign
  2:20240  warning  Expected a conditional expression and instead saw an assignment            no-cond-assign
  2:21514  warning  Expected a conditional expression and instead saw an assignment            no-cond-assign
  2:21625  warning  Expected a conditional expression and instead saw an assignment            no-cond-assign
  2:23791  warning  Unnecessary escape character: \/                                           no-useless-escape
  2:33395  warning  Empty block statement                                                      no-empty
  2:37269  warning  Unnecessary escape character: \/                                           no-useless-escape
  2:38490  warning  Expected a conditional expression and instead saw an assignment            no-cond-assign
  2:38606  warning  Expected a conditional expression and instead saw an assignment            no-cond-assign
  2:39234  warning  Empty block statement                                                      no-empty
  2:46727  warning  Unnecessary escape character: \/                                           no-useless-escape
  2:49033  warning  Expected a conditional expression and instead saw an assignment            no-cond-assign
  2:50593  warning  Empty block statement                                                      no-empty
  2:58406  warning  Expected a conditional expression and instead saw an assignment            no-cond-assign
  2:59575  warning  Expected a conditional expression and instead saw an assignment            no-cond-assign
  2:65215  warning  Expected a conditional expression and instead saw an assignment            no-cond-assign
  2:66958  warning  Expected a conditional expression and instead saw an assignment            no-cond-assign
  2:67024  warning  Expected a conditional expression and instead saw an assignment            no-cond-assign
  2:67328  warning  Expected a conditional expression and instead saw an assignment            no-cond-assign
  2:67394  warning  Expected a conditional expression and instead saw an assignment            no-cond-assign
  2:67801  warning  Expected a conditional expression and instead saw an assignment            no-cond-assign
  2:68078  warning  Expected a conditional expression and instead saw an assignment            no-cond-assign
  2:73449  warning  Expected a conditional expression and instead saw an assignment            no-cond-assign
  2:75043  warning  Expected a conditional expression and instead saw an assignment            no-cond-assign
  2:75823  warning  'r.href' is assigned to itself                                             no-self-assign
  2:80414  warning  Empty block statement                                                      no-empty
  2:83525  warning  Expected a conditional expression and instead saw an assignment            no-cond-assign
  2:87869  warning  'define' is not defined                                                    no-undef
  2:87881  warning  'define' is not defined                                                    no-undef

/home/runner/work/exp-design-ultrasonic-sensors-coep/exp-design-ultrasonic-sensors-coep/experiment/simulation/lib/raphael.js
  5800:60  error  Parsing error: Deleting local variable in strict mode

/home/runner/work/exp-design-ultrasonic-sensors-coep/exp-design-ultrasonic-sensors-coep/experiment/simulation/lib/raphael.min.js
  1:66     warning  'module' is not defined                                                                                                                          no-undef
  1:112    warning  'define' is not defined                                                                                                                          no-undef
  1:123    warning  'define' is not defined                                                                                                                          no-undef
  1:161    warning  'exports' is not defined                                                                                                                         no-undef
  1:1566   warning  'DocumentTouch' is not defined                                                                                                                   no-undef
  1:2001   warning  Unnecessary escape character: \.                                                                                                                 no-useless-escape
  1:2017   warning  Unnecessary escape character: \.                                                                                                                 no-useless-escape
  1:2033   warning  Unnecessary escape character: \.                                                                                                                 no-useless-escape
  1:2052   warning  Unnecessary escape character: \.                                                                                                                 no-useless-escape
  1:2081   warning  Unnecessary escape character: \.                                                                                                                 no-useless-escape
  1:2110   warning  Unnecessary escape character: \.                                                                                                                 no-useless-escape
  1:2126   warning  Unnecessary escape character: \.                                                                                                                 no-useless-escape
  1:2145   warning  Unnecessary escape character: \.                                                                                                                 no-useless-escape
  1:2174   warning  Unnecessary escape character: \.                                                                                                                 no-useless-escape
  1:2203   warning  Unnecessary escape character: \.                                                                                                                 no-useless-escape
  1:2219   warning  Unnecessary escape character: \.                                                                                                                 no-useless-escape
  1:2238   warning  Unnecessary escape character: \.                                                                                                                 no-useless-escape
  1:2346   warning  Unnecessary escape character: \)                                                                                                                 no-useless-escape
  1:3257   warning  Unexpected control character(s) in regular expression: \x09, \x0a, \x0b, \x0c, \x0d, \x09, \x0a, \x0b, \x0c, \x0d                                no-control-regex
  1:3582   warning  Unexpected control character(s) in regular expression: \x09, \x0a, \x0b, \x0c, \x0d, \x09, \x0a, \x0b, \x0c, \x0d, \x09, \x0a, \x0b, \x0c, \x0d  no-control-regex
  1:3756   warning  Unnecessary escape character: \-                                                                                                                 no-useless-escape
  1:4055   warning  Unexpected control character(s) in regular expression: \x09, \x0a, \x0b, \x0c, \x0d, \x09, \x0a, \x0b, \x0c, \x0d, \x09, \x0a, \x0b, \x0c, \x0d  no-control-regex
  1:4222   warning  Unnecessary escape character: \-                                                                                                                 no-useless-escape
  1:4521   warning  Unexpected control character(s) in regular expression: \x09, \x0a, \x0b, \x0c, \x0d, \x09, \x0a, \x0b, \x0c, \x0d                                no-control-regex
  1:4539   warning  Unnecessary escape character: \-                                                                                                                 no-useless-escape
  1:4856   warning  Unexpected control character(s) in regular expression: \x09, \x0a, \x0b, \x0c, \x0d, \x09, \x0a, \x0b, \x0c, \x0d                                no-control-regex
  1:5154   warning  Unnecessary escape character: \)                                                                                                                 no-useless-escape
  1:7857   warning  'ActiveXObject' is not defined                                                                                                                   no-undef
  1:7931   warning  'createPopup' is not defined                                                                                                                     no-undef
  1:19015  warning  Expected a 'break' statement before 'default'                                                                                                    no-fallthrough
  1:20113  warning  Expected a 'break' statement before 'default'                                                                                                    no-fallthrough
  1:20421  warning  Expected a 'break' statement before 'default'                                                                                                    no-fallthrough
  1:24342  warning  Unnecessary escape character: \.                                                                                                                 no-useless-escape
  1:35757  warning  't' is defined but never used                                                                                                                    no-unused-vars
  1:49075  warning  'r' is defined but never used                                                                                                                    no-unused-vars
  1:50549  warning  'i' is defined but never used                                                                                                                    no-unused-vars
  1:50598  warning  'r' is defined but never used                                                                                                                    no-unused-vars
  1:52666  warning  Unnecessary escape character: \}                                                                                                                 no-useless-escape
  1:53074  warning  Empty block statement                                                                                                                            no-empty
  1:53754  warning  Unnecessary escape character: \)                                                                                                                 no-useless-escape
  1:60967  warning  Unnecessary escape character: \-                                                                                                                 no-useless-escape
  1:72245  warning  Unnecessary escape character: \-                                                                                                                 no-useless-escape
  1:72515  warning  Unnecessary escape character: \(                                                                                                                 no-useless-escape
  1:72517  warning  Unnecessary escape character: \)                                                                                                                 no-useless-escape
  1:75570  warning  Expected a conditional expression and instead saw an assignment                                                                                  no-cond-assign
  1:77369  warning  Expected a 'break' statement before 'case'                                                                                                       no-fallthrough
  1:77405  warning  Expected a 'break' statement before 'case'                                                                                                       no-fallthrough
  1:77447  warning  Expected a 'break' statement before 'case'                                                                                                       no-fallthrough
  1:77582  warning  Expected a 'break' statement before 'case'                                                                                                       no-fallthrough
  1:77619  warning  Expected a 'break' statement before 'case'                                                                                                       no-fallthrough
  1:77661  warning  Expected a 'break' statement before 'case'                                                                                                       no-fallthrough
  1:79325  warning  Expected a 'break' statement before 'case'                                                                                                       no-fallthrough
  1:79783  warning  Expected a 'break' statement before 'case'                                                                                                       no-fallthrough
  1:79973  warning  Expected a 'break' statement before 'default'                                                                                                    no-fallthrough
  1:80032  warning  Unnecessary escape character: \-                                                                                                                 no-useless-escape
  1:89485  warning  'r' is defined but never used                                                                                                                    no-unused-vars
  1:89543  warning  Unnecessary escape character: \.                                                                                                                 no-useless-escape
  1:89545  warning  Unnecessary escape character: \/                                                                                                                 no-useless-escape
  1:90733  warning  Unnecessary escape character: \.                                                                                                                 no-useless-escape
  1:90735  warning  Unnecessary escape character: \^                                                                                                                 no-useless-escape
  1:90739  warning  Unnecessary escape character: \[                                                                                                                 no-useless-escape
  1:90741  warning  Unnecessary escape character: \-                                                                                                                 no-useless-escape
  1:90780  warning  Unnecessary escape character: \.                                                                                                                 no-useless-escape
  1:90782  warning  Unnecessary escape character: \/                                                                                                                 no-useless-escape
  1:91000  warning  Do not access Object.prototype method 'hasOwnProperty' from target object                                                                        no-prototype-builtins

/home/runner/work/exp-design-ultrasonic-sensors-coep/exp-design-ultrasonic-sensors-coep/experiment/simulation/src/animation.js
   10:10   warning  'animation' is defined but never used             no-unused-vars
   11:2    warning  '$' is not defined                                no-undef
   12:5    warning  '$' is not defined                                no-undef
   13:5    warning  '$' is not defined                                no-undef
   15:1    warning  '$' is not defined                                no-undef
   16:2    warning  '$' is not defined                                no-undef
   20:14   warning  '$' is not defined                                no-undef
   22:6    warning  '$' is not defined                                no-undef
   23:3    warning  'width' is assigned a value but never used        no-unused-vars
   23:11   warning  '$' is not defined                                no-undef
   24:3    warning  'paper' is not defined                            no-undef
   24:15   warning  'Raphael' is not defined                          no-undef
   25:3    warning  'paper' is not defined                            no-undef
   26:3    warning  'paper' is not defined                            no-undef
   28:3    warning  'paper' is not defined                            no-undef
   28:15   warning  'Raphael' is not defined                          no-undef
   29:3    warning  'paper' is not defined                            no-undef
   30:3    warning  'paper' is not defined                            no-undef
   48:5    warning  'distanceDig' is assigned a value but never used  no-unused-vars
   48:17   warning  'paper' is not defined                            no-undef
   49:13   warning  Mixed spaces and tabs                             no-mixed-spaces-and-tabs
   50:2    warning  'distText' is not defined                         no-undef
   50:12   warning  'paper' is not defined                            no-undef
   50:118  warning  Unnecessary semicolon                             no-extra-semi
   53:16   warning  'paper' is not defined                            no-undef
   54:10   warning  'paper' is not defined                            no-undef
   55:13   warning  'paper' is not defined                            no-undef
   56:19   warning  'paper' is not defined                            no-undef
   58:6    warning  'USworking' is already defined                    no-redeclare
   58:16   warning  'paper' is not defined                            no-undef
   59:6    warning  'txt' is already defined                          no-redeclare
   59:10   warning  'paper' is not defined                            no-undef
   60:6    warning  'US_txt' is already defined                       no-redeclare
   60:13   warning  'paper' is not defined                            no-undef
   61:9    warning  'objec_txt' is already defined                    no-redeclare
   61:19   warning  'paper' is not defined                            no-undef
   63:6    warning  'USworking' is already defined                    no-redeclare
   63:16   warning  'paper' is not defined                            no-undef
   64:6    warning  'txt' is already defined                          no-redeclare
   64:10   warning  'paper' is not defined                            no-undef
   65:6    warning  'US_txt' is already defined                       no-redeclare
   65:13   warning  'paper' is not defined                            no-undef
   66:9    warning  'objec_txt' is already defined                    no-redeclare
   66:19   warning  'paper' is not defined                            no-undef
   69:6    warning  'USworking' is already defined                    no-redeclare
   69:16   warning  'paper' is not defined                            no-undef
   70:6    warning  'txt' is already defined                          no-redeclare
   70:10   warning  'paper' is not defined                            no-undef
   71:6    warning  'US_txt' is already defined                       no-redeclare
   71:13   warning  'paper' is not defined                            no-undef
   72:9    warning  'objec_txt' is already defined                    no-redeclare
   72:19   warning  'paper' is not defined                            no-undef
   75:6    warning  'USworking' is already defined                    no-redeclare
   75:16   warning  'paper' is not defined                            no-undef
   76:6    warning  'txt' is already defined                          no-redeclare
   76:10   warning  'paper' is not defined                            no-undef
   77:6    warning  'US_txt' is already defined                       no-redeclare
   77:13   warning  'paper' is not defined                            no-undef
   78:9    warning  'objec_txt' is already defined                    no-redeclare
   78:19   warning  'paper' is not defined                            no-undef
   81:6    warning  'USworking' is already defined                    no-redeclare
   81:6    warning  'USworking' is assigned a value but never used    no-unused-vars
   81:16   warning  'paper' is not defined                            no-undef
   82:6    warning  'txt' is already defined                          no-redeclare
   82:6    warning  'txt' is assigned a value but never used          no-unused-vars
   82:10   warning  'paper' is not defined                            no-undef
   83:6    warning  'US_txt' is already defined                       no-redeclare
   83:6    warning  'US_txt' is assigned a value but never used       no-unused-vars
   83:13   warning  'paper' is not defined                            no-undef
   84:6    warning  'objec_txt' is already defined                    no-redeclare
   84:6    warning  'objec_txt' is assigned a value but never used    no-unused-vars
   84:16   warning  'paper' is not defined                            no-undef
   86:1    warning  '$' is not defined                                no-undef
   94:10   warning  'addToMasterJSON' is defined but never used       no-unused-vars
   95:1    warning  Mixed spaces and tabs                             no-mixed-spaces-and-tabs
   95:20   warning  'tempJson' is not defined                         no-undef
   96:7    warning  'tempJson' is not defined                         no-undef
   97:7    warning  'tempJson' is not defined                         no-undef
   98:7    warning  'tempJson' is not defined                         no-undef
  100:7    warning  'tempJson' is not defined                         no-undef
  101:7    warning  'tempJson' is not defined                         no-undef
  102:7    warning  'tempJson' is not defined                         no-undef
  103:22   warning  'tempJson' is not defined                         no-undef
  106:7    warning  'tableCreate' is not defined                      no-undef

/home/runner/work/exp-design-ultrasonic-sensors-coep/exp-design-ultrasonic-sensors-coep/experiment/simulation/src/fmimic.js
   12:10  warning  'fmimic' is defined but never used                       no-unused-vars
   15:5   warning  '$' is not defined                                       no-undef
   16:5   warning  '$' is not defined                                       no-undef
   17:5   warning  '$' is not defined                                       no-undef
   19:1   warning  '$' is not defined                                       no-undef
   20:2   warning  '$' is not defined                                       no-undef
   24:14  warning  '$' is not defined                                       no-undef
   26:6   warning  '$' is not defined                                       no-undef
   27:3   warning  'width' is assigned a value but never used               no-unused-vars
   27:11  warning  '$' is not defined                                       no-undef
   28:3   warning  'paper' is not defined                                   no-undef
   28:15  warning  'Raphael' is not defined                                 no-undef
   29:3   warning  'paper' is not defined                                   no-undef
   30:3   warning  'paper' is not defined                                   no-undef
   32:3   warning  'paper' is not defined                                   no-undef
   32:15  warning  'Raphael' is not defined                                 no-undef
   33:3   warning  'paper' is not defined                                   no-undef
   34:3   warning  'paper' is not defined                                   no-undef
   40:5   warning  'pipesize' is assigned a value but never used            no-unused-vars
   44:5   warning  'dist' is assigned a value but never used                no-unused-vars
   45:5   warning  'calculateFrequency' is assigned a value but never used  no-unused-vars
   50:5   warning  'circle' is defined but never used                       no-unused-vars
   50:12  warning  'circle1' is defined but never used                      no-unused-vars
   51:5   warning  'simuli' is assigned a value but never used              no-unused-vars
   53:5   warning  'waves' is defined but never used                        no-unused-vars
   54:5   warning  'waveflag' is assigned a value but never used            no-unused-vars
   57:11  warning  'paper' is not defined                                   no-undef
   69:5   warning  'pipe' is assigned a value but never used                no-unused-vars
   69:12  warning  'paper' is not defined                                   no-undef
   70:5   warning  'btm_line' is assigned a value but never used            no-unused-vars
   70:16  warning  'paper' is not defined                                   no-undef
   71:5   warning  'top_line' is assigned a value but never used            no-unused-vars
   71:16  warning  'paper' is not defined                                   no-undef
   78:7   warning  'sensorTop' is assigned a value but never used           no-unused-vars
   78:19  warning  'paper' is not defined                                   no-undef
   79:10  warning  'paper' is not defined                                   no-undef
   80:7   warning  'sensorBottom' is assigned a value but never used        no-unused-vars
   80:22  warning  'paper' is not defined                                   no-undef
   81:7   warning  's1' is already defined                                  no-redeclare
   81:7   warning  's1' is assigned a value but never used                  no-unused-vars
   81:10  warning  'paper' is not defined                                   no-undef
   95:9   warning  'paper' is not defined                                   no-undef
   98:9   warning  'paper' is not defined                                   no-undef
  102:1   warning  Mixed spaces and tabs                                    no-mixed-spaces-and-tabs
  109:18  warning  'paper' is not defined                                   no-undef
  113:18  warning  'Raphael' is not defined                                 no-undef
  125:17  warning  'paper' is not defined                                   no-undef
  129:17  warning  'Raphael' is not defined                                 no-undef
  135:5   warning  'totalDelay' is assigned a value but never used          no-unused-vars
  143:15  warning  'paper' is not defined                                   no-undef
  145:12  warning  'paper' is not defined                                   no-undef
  148:15  warning  'paper' is not defined                                   no-undef
  151:10  warning  'paper' is not defined                                   no-undef
  154:15  warning  'paper' is not defined                                   no-undef
  166:2   warning  'wavesFlow' is not defined                               no-undef
  167:1   warning  Mixed spaces and tabs                                    no-mixed-spaces-and-tabs
  171:10  warning  'addToFlowMasterJSON' is defined but never used          no-unused-vars
  172:1   warning  Mixed spaces and tabs                                    no-mixed-spaces-and-tabs
  172:20  warning  'tempJson' is not defined                                no-undef
  173:7   warning  'tempJson' is not defined                                no-undef
  174:7   warning  'tempJson' is not defined                                no-undef
  175:7   warning  'tempJson' is not defined                                no-undef
  177:7   warning  'tempJson' is not defined                                no-undef
  178:7   warning  'tempJson' is not defined                                no-undef
  179:7   warning  'tempJson' is not defined                                no-undef
  180:22  warning  'tempJson' is not defined                                no-undef
  181:7   warning  'TimeMasterJson' is not defined                          no-undef
  183:7   warning  'tableCreateFlow' is not defined                         no-undef

/home/runner/work/exp-design-ultrasonic-sensors-coep/exp-design-ultrasonic-sensors-coep/experiment/simulation/src/lmimic.js
   12:10  warning  'lmimic' is defined but never used                       no-unused-vars
   15:5   warning  '$' is not defined                                       no-undef
   16:5   warning  '$' is not defined                                       no-undef
   17:5   warning  '$' is not defined                                       no-undef
   18:2   warning  '$' is not defined                                       no-undef
   19:2   warning  '$' is not defined                                       no-undef
   20:2   warning  '$' is not defined                                       no-undef
   24:14  warning  '$' is not defined                                       no-undef
   26:6   warning  '$' is not defined                                       no-undef
   27:3   warning  'width' is assigned a value but never used               no-unused-vars
   27:11  warning  '$' is not defined                                       no-undef
   28:3   warning  'paper' is not defined                                   no-undef
   28:15  warning  'Raphael' is not defined                                 no-undef
   29:3   warning  'paper' is not defined                                   no-undef
   30:3   warning  'paper' is not defined                                   no-undef
   32:3   warning  'paper' is not defined                                   no-undef
   32:15  warning  'Raphael' is not defined                                 no-undef
   33:3   warning  'paper' is not defined                                   no-undef
   34:3   warning  'paper' is not defined                                   no-undef
   44:1   warning  Mixed spaces and tabs                                    no-mixed-spaces-and-tabs
   50:6   warning  'dist' is assigned a value but never used                no-unused-vars
   52:6   warning  'calculateFrequency' is assigned a value but never used  no-unused-vars
   55:1   warning  Mixed spaces and tabs                                    no-mixed-spaces-and-tabs
   63:6   warning  'h' is already defined                                   no-redeclare
   68:2   warning  'distanceValue' is not defined                           no-undef
   75:6   warning  'waves' is defined but never used                        no-unused-vars
   76:6   warning  'waveflag' is assigned a value but never used            no-unused-vars
   78:6   warning  'HVal' is assigned a value but never used                no-unused-vars
   78:12  warning  'paper' is not defined                                   no-undef
   87:7   warning  'w' is assigned a value but never used                   no-unused-vars
   88:7   warning  'h' is assigned a value but never used                   no-unused-vars
   89:7   warning  'color' is assigned a value but never used               no-unused-vars
   90:7   warning  'color1' is assigned a value but never used              no-unused-vars
   92:7   warning  'levelSensor' is assigned a value but never used         no-unused-vars
   92:19  warning  'paper' is not defined                                   no-undef
   95:7   warning  'tank' is assigned a value but never used                no-unused-vars
   95:14  warning  'paper' is not defined                                   no-undef
   96:7   warning  'inlet' is assigned a value but never used               no-unused-vars
   96:15  warning  'paper' is not defined                                   no-undef
  100:7   warning  'paper' is not defined                                   no-undef
  101:7   warning  'fwater' is assigned a value but never used              no-unused-vars
  101:14  warning  'paper' is not defined                                   no-undef
  102:7   warning  'outlet' is assigned a value but never used              no-unused-vars
  102:15  warning  'paper' is not defined                                   no-undef
  103:7   warning  'paper' is not defined                                   no-undef
  104:7   warning  'dwater' is assigned a value but never used              no-unused-vars
  104:14  warning  'paper' is not defined                                   no-undef
  138:21  warning  'paper' is not defined                                   no-undef
  141:21  warning  'paper' is not defined                                   no-undef
  145:1   warning  Mixed spaces and tabs                                    no-mixed-spaces-and-tabs
  154:20  warning  'paper' is not defined                                   no-undef
  160:20  warning  'paper' is not defined                                   no-undef
  164:9   warning  'levelValW' is assigned a value but never used           no-unused-vars
  164:20  warning  'paper' is not defined                                   no-undef
  171:1   warning  Mixed spaces and tabs                                    no-mixed-spaces-and-tabs
  172:1   warning  Mixed spaces and tabs                                    no-mixed-spaces-and-tabs
  172:7   warning  'downWaveY' is assigned a value but never used           no-unused-vars
  173:1   warning  Mixed spaces and tabs                                    no-mixed-spaces-and-tabs
  174:1   warning  Mixed spaces and tabs                                    no-mixed-spaces-and-tabs
  177:1   warning  Mixed spaces and tabs                                    no-mixed-spaces-and-tabs
  186:17  warning  'paper' is not defined                                   no-undef
  189:13  warning  'paper' is not defined                                   no-undef
  194:17  warning  'paper' is not defined                                   no-undef
  197:11  warning  'paper' is not defined                                   no-undef
  201:17  warning  'paper' is not defined                                   no-undef
  205:2   warning  Mixed spaces and tabs                                    no-mixed-spaces-and-tabs
  209:2   warning  '$' is not defined                                       no-undef
  215:1   warning  Mixed spaces and tabs                                    no-mixed-spaces-and-tabs
  215:6   warning  '$' is not defined                                       no-undef
  222:2   warning  '$' is not defined                                       no-undef
  223:2   warning  Mixed spaces and tabs                                    no-mixed-spaces-and-tabs
  229:1   warning  Mixed spaces and tabs                                    no-mixed-spaces-and-tabs
  237:10  warning  'addToLevelMasterJSON' is defined but never used         no-unused-vars
  238:7   warning  '$' is not defined                                       no-undef
  239:1   warning  Mixed spaces and tabs                                    no-mixed-spaces-and-tabs
  239:20  warning  'tempJson1' is not defined                               no-undef
  240:7   warning  'tempJson1' is not defined                               no-undef
  241:7   warning  'tempJson1' is not defined                               no-undef
  242:7   warning  'tempJson1' is not defined                               no-undef
  243:7   warning  'tempJson1' is not defined                               no-undef
  244:7   warning  'tempJson1' is not defined                               no-undef
  245:27  warning  'tempJson1' is not defined                               no-undef
  248:7   warning  'tableCreateLevel' is not defined                        no-undef
  249:7   warning  '$' is not defined                                       no-undef
  250:7   warning  '$' is not defined                                       no-undef

/home/runner/work/exp-design-ultrasonic-sensors-coep/exp-design-ultrasonic-sensors-coep/experiment/simulation/src/mainPage1.js
    1:1   warning  'tableReading' is not defined          no-undef
    2:10  warning  'mainPage1' is defined but never used  no-unused-vars
    3:2   warning  '$' is not defined                     no-undef
    4:6   warning  '$' is not defined                     no-undef
    6:7   warning  '$' is not defined                     no-undef
    7:7   warning  '$' is not defined                     no-undef
    9:7   warning  '$' is not defined                     no-undef
   15:1   warning  Mixed spaces and tabs                  no-mixed-spaces-and-tabs
   16:1   warning  Mixed spaces and tabs                  no-mixed-spaces-and-tabs
   17:1   warning  Mixed spaces and tabs                  no-mixed-spaces-and-tabs
   18:1   warning  Mixed spaces and tabs                  no-mixed-spaces-and-tabs
   19:1   warning  Mixed spaces and tabs                  no-mixed-spaces-and-tabs
   20:1   warning  Mixed spaces and tabs                  no-mixed-spaces-and-tabs
   21:1   warning  Mixed spaces and tabs                  no-mixed-spaces-and-tabs
   22:1   warning  Mixed spaces and tabs                  no-mixed-spaces-and-tabs
   23:1   warning  Mixed spaces and tabs                  no-mixed-spaces-and-tabs
   28:1   warning  Mixed spaces and tabs                  no-mixed-spaces-and-tabs
   29:1   warning  Mixed spaces and tabs                  no-mixed-spaces-and-tabs
   30:1   warning  Mixed spaces and tabs                  no-mixed-spaces-and-tabs
   31:1   warning  Mixed spaces and tabs                  no-mixed-spaces-and-tabs
   32:1   warning  Mixed spaces and tabs                  no-mixed-spaces-and-tabs
   33:1   warning  Mixed spaces and tabs                  no-mixed-spaces-and-tabs
   34:1   warning  Mixed spaces and tabs                  no-mixed-spaces-and-tabs
   35:1   warning  Mixed spaces and tabs                  no-mixed-spaces-and-tabs
   36:1   warning  Mixed spaces and tabs                  no-mixed-spaces-and-tabs
   37:1   warning  Mixed spaces and tabs                  no-mixed-spaces-and-tabs
   38:1   warning  Mixed spaces and tabs                  no-mixed-spaces-and-tabs
   39:1   warning  Mixed spaces and tabs                  no-mixed-spaces-and-tabs
   40:1   warning  Mixed spaces and tabs                  no-mixed-spaces-and-tabs
   41:1   warning  Mixed spaces and tabs                  no-mixed-spaces-and-tabs
   43:1   warning  Mixed spaces and tabs                  no-mixed-spaces-and-tabs
   44:1   warning  Mixed spaces and tabs                  no-mixed-spaces-and-tabs
   45:1   warning  Mixed spaces and tabs                  no-mixed-spaces-and-tabs
   46:1   warning  Mixed spaces and tabs                  no-mixed-spaces-and-tabs
   47:1   warning  Mixed spaces and tabs                  no-mixed-spaces-and-tabs
   48:1   warning  Mixed spaces and tabs                  no-mixed-spaces-and-tabs
   49:1   warning  Mixed spaces and tabs                  no-mixed-spaces-and-tabs
   50:1   warning  Mixed spaces and tabs                  no-mixed-spaces-and-tabs
   51:1   warning  Mixed spaces and tabs                  no-mixed-spaces-and-tabs
   52:1   warning  Mixed spaces and tabs                  no-mixed-spaces-and-tabs
   53:1   warning  Mixed spaces and tabs                  no-mixed-spaces-and-tabs
   54:1   warning  Mixed spaces and tabs                  no-mixed-spaces-and-tabs
   55:1   warning  Mixed spaces and tabs                  no-mixed-spaces-and-tabs
   56:1   warning  Mixed spaces and tabs                  no-mixed-spaces-and-tabs
   57:1   warning  Mixed spaces and tabs                  no-mixed-spaces-and-tabs
   58:1   warning  Mixed spaces and tabs                  no-mixed-spaces-and-tabs
   59:1   warning  Mixed spaces and tabs                  no-mixed-spaces-and-tabs
   61:1   warning  Mixed spaces and tabs                  no-mixed-spaces-and-tabs
   62:1   warning  Mixed spaces and tabs                  no-mixed-spaces-and-tabs
   68:1   warning  Mixed spaces and tabs                  no-mixed-spaces-and-tabs
   69:1   warning  Mixed spaces and tabs                  no-mixed-spaces-and-tabs
   70:1   warning  Mixed spaces and tabs                  no-mixed-spaces-and-tabs
   73:1   warning  Mixed spaces and tabs                  no-mixed-spaces-and-tabs
   74:1   warning  Mixed spaces and tabs                  no-mixed-spaces-and-tabs
   76:1   warning  Mixed spaces and tabs                  no-mixed-spaces-and-tabs
   77:1   warning  Mixed spaces and tabs                  no-mixed-spaces-and-tabs
   78:1   warning  Mixed spaces and tabs                  no-mixed-spaces-and-tabs
   79:1   warning  Mixed spaces and tabs                  no-mixed-spaces-and-tabs
   81:1   warning  Mixed spaces and tabs                  no-mixed-spaces-and-tabs
  101:3   warning  '$' is not defined                     no-undef
  104:3   warning  'id' is not defined                    no-undef
  105:6   warning  '$' is not defined                     no-undef
  106:3   warning  Mixed spaces and tabs                  no-mixed-spaces-and-tabs
  106:5   warning  '$' is not defined                     no-undef
  107:3   warning  Mixed spaces and tabs                  no-mixed-spaces-and-tabs
  107:5   warning  '$' is not defined                     no-undef
  108:5   warning  '$' is not defined                     no-undef
  109:3   warning  Mixed spaces and tabs                  no-mixed-spaces-and-tabs
  109:21  warning  '$' is not defined                     no-undef
  114:6   warning  '$' is not defined                     no-undef
  120:10  warning  'id' is not defined                    no-undef
  121:22  warning  'calculateTime' is not defined         no-undef
  122:8   warning  '$' is not defined                     no-undef
  123:8   warning  '$' is not defined                     no-undef
  124:8   warning  'id' is not defined                    no-undef
  126:8   warning  'addToMasterJSON' is not defined       no-undef
  127:8   warning  '$' is not defined                     no-undef
  129:29  warning  'calculateTime' is not defined         no-undef
  130:6   warning  '$' is not defined                     no-undef
  136:17  warning  'id' is not defined                    no-undef
  137:5   warning  Mixed spaces and tabs                  no-mixed-spaces-and-tabs
  138:7   warning  '$' is not defined                     no-undef
  142:17  warning  '$' is not defined                     no-undef
  144:22  warning  'calculateTime' is not defined         no-undef
  146:8   warning  '$' is not defined                     no-undef
  147:8   warning  '$' is not defined                     no-undef
  149:8   warning  'addToMasterJSON' is not defined       no-undef
  150:8   warning  '$' is not defined                     no-undef
  151:8   warning  'id' is not defined                    no-undef
  155:7   warning  Mixed spaces and tabs                  no-mixed-spaces-and-tabs
  155:9   warning  '$' is not defined                     no-undef
  155:79  warning  'calculateTime' is not defined         no-undef
  158:6   warning  'id' is not defined                    no-undef
  165:5   warning  '$' is not defined                     no-undef
  166:3   warning  '$' is not defined                     no-undef
  170:6   warning  '$' is not defined                     no-undef
  171:1   warning  Mixed spaces and tabs                  no-mixed-spaces-and-tabs
  171:4   warning  'frequencySelect' is not defined       no-undef
  171:20  warning  '$' is not defined                     no-undef
  172:2   warning  Mixed spaces and tabs                  no-mixed-spaces-and-tabs
  172:5   warning  'distSelect' is not defined            no-undef
  172:16  warning  '$' is not defined                     no-undef
  173:2   warning  Mixed spaces and tabs                  no-mixed-spaces-and-tabs
  173:5   warning  'fluidSelect' is not defined           no-undef
  173:17  warning  '$' is not defined                     no-undef
  182:2   warning  Mixed spaces and tabs                  no-mixed-spaces-and-tabs
  183:2   warning  Mixed spaces and tabs                  no-mixed-spaces-and-tabs
  183:9   warning  'frequencySelect' is not defined       no-undef
  184:3   warning  '$' is not defined                     no-undef
  185:3   warning  '$' is not defined                     no-undef
  186:11  warning  'distSelect' is not defined            no-undef
  187:3   warning  '$' is not defined                     no-undef
  188:3   warning  '$' is not defined                     no-undef
  189:11  warning  'fluidSelect' is not defined           no-undef
  190:3   warning  '$' is not defined                     no-undef
  191:3   warning  '$' is not defined                     no-undef
  193:3   warning  '$' is not defined                     no-undef
  194:3   warning  '$' is not defined                     no-undef
  195:3   warning  '$' is not defined                     no-undef
  196:3   warning  '$' is not defined                     no-undef
  197:3   warning  '$' is not defined                     no-undef
  198:2   warning  '$' is not defined                     no-undef
  199:2   warning  Mixed spaces and tabs                  no-mixed-spaces-and-tabs
  199:6   warning  'distanceBlock' is not defined         no-undef
  199:21  warning  '$' is not defined                     no-undef
  201:2   warning  Mixed spaces and tabs                  no-mixed-spaces-and-tabs
  201:6   warning  '$' is not defined                     no-undef
  201:34  warning  'distanceBlock' is not defined         no-undef
  202:2   warning  Mixed spaces and tabs                  no-mixed-spaces-and-tabs
  206:2   warning  Mixed spaces and tabs                  no-mixed-spaces-and-tabs
  207:2   warning  Mixed spaces and tabs                  no-mixed-spaces-and-tabs
  207:5   warning  'animation' is not defined             no-undef
  207:15  warning  'frequencySelect' is not defined       no-undef
  207:31  warning  'distSelect' is not defined            no-undef
  207:42  warning  'fluidSelect' is not defined           no-undef
  216:1   warning  Mixed spaces and tabs                  no-mixed-spaces-and-tabs

/home/runner/work/exp-design-ultrasonic-sensors-coep/exp-design-ultrasonic-sensors-coep/experiment/simulation/src/mainPage2.js
    1:5   warning  'ArrayJson' is assigned a value but never used  no-unused-vars
    2:10  warning  'mainPage2' is defined but never used           no-unused-vars
    5:2   warning  '$' is not defined                              no-undef
    6:6   warning  '$' is not defined                              no-undef
    7:6   warning  '$' is not defined                              no-undef
    9:7   warning  '$' is not defined                              no-undef
   10:7   warning  '$' is not defined                              no-undef
   12:7   warning  '$' is not defined                              no-undef
   17:1   warning  Mixed spaces and tabs                           no-mixed-spaces-and-tabs
   18:1   warning  Mixed spaces and tabs                           no-mixed-spaces-and-tabs
   19:1   warning  Mixed spaces and tabs                           no-mixed-spaces-and-tabs
   20:1   warning  Mixed spaces and tabs                           no-mixed-spaces-and-tabs
   21:1   warning  Mixed spaces and tabs                           no-mixed-spaces-and-tabs
   22:1   warning  Mixed spaces and tabs                           no-mixed-spaces-and-tabs
   23:1   warning  Mixed spaces and tabs                           no-mixed-spaces-and-tabs
   29:1   warning  Mixed spaces and tabs                           no-mixed-spaces-and-tabs
   30:1   warning  Mixed spaces and tabs                           no-mixed-spaces-and-tabs
   31:1   warning  Mixed spaces and tabs                           no-mixed-spaces-and-tabs
   32:1   warning  Mixed spaces and tabs                           no-mixed-spaces-and-tabs
   33:1   warning  Mixed spaces and tabs                           no-mixed-spaces-and-tabs
   35:1   warning  Mixed spaces and tabs                           no-mixed-spaces-and-tabs
   36:1   warning  Mixed spaces and tabs                           no-mixed-spaces-and-tabs
   37:1   warning  Mixed spaces and tabs                           no-mixed-spaces-and-tabs
   38:1   warning  Mixed spaces and tabs                           no-mixed-spaces-and-tabs
   39:1   warning  Mixed spaces and tabs                           no-mixed-spaces-and-tabs
   41:1   warning  Mixed spaces and tabs                           no-mixed-spaces-and-tabs
   42:1   warning  Mixed spaces and tabs                           no-mixed-spaces-and-tabs
   43:1   warning  Mixed spaces and tabs                           no-mixed-spaces-and-tabs
   45:1   warning  Mixed spaces and tabs                           no-mixed-spaces-and-tabs
   46:1   warning  Mixed spaces and tabs                           no-mixed-spaces-and-tabs
   47:1   warning  Mixed spaces and tabs                           no-mixed-spaces-and-tabs
   48:1   warning  Mixed spaces and tabs                           no-mixed-spaces-and-tabs
   49:1   warning  Mixed spaces and tabs                           no-mixed-spaces-and-tabs
   50:1   warning  Mixed spaces and tabs                           no-mixed-spaces-and-tabs
   51:1   warning  Mixed spaces and tabs                           no-mixed-spaces-and-tabs
   52:1   warning  Mixed spaces and tabs                           no-mixed-spaces-and-tabs
   53:1   warning  Mixed spaces and tabs                           no-mixed-spaces-and-tabs
   54:1   warning  Mixed spaces and tabs                           no-mixed-spaces-and-tabs
   55:1   warning  Mixed spaces and tabs                           no-mixed-spaces-and-tabs
   58:1   warning  Mixed spaces and tabs                           no-mixed-spaces-and-tabs
   78:3   warning  '$' is not defined                              no-undef
   83:5   warning  '$' is not defined                              no-undef
   84:2   warning  '$' is not defined                              no-undef
   85:2   warning  '$' is not defined                              no-undef
   96:6   warning  '$' is not defined                              no-undef
   97:4   warning  Mixed spaces and tabs                           no-mixed-spaces-and-tabs
   97:6   warning  '$' is not defined                              no-undef
   99:2   warning  Mixed spaces and tabs                           no-mixed-spaces-and-tabs
  100:2   warning  Mixed spaces and tabs                           no-mixed-spaces-and-tabs
  102:2   warning  Mixed spaces and tabs                           no-mixed-spaces-and-tabs
  102:6   warning  'tankHSelect' is not defined                    no-undef
  102:18  warning  '$' is not defined                              no-undef
  104:2   warning  Mixed spaces and tabs                           no-mixed-spaces-and-tabs
  107:2   warning  Mixed spaces and tabs                           no-mixed-spaces-and-tabs
  108:2   warning  Mixed spaces and tabs                           no-mixed-spaces-and-tabs
  108:9   warning  'tankHSelect' is not defined                    no-undef
  109:3   warning  '$' is not defined                              no-undef
  110:3   warning  '$' is not defined                              no-undef
  113:3   warning  '$' is not defined                              no-undef
  114:3   warning  '$' is not defined                              no-undef
  118:3   warning  '$' is not defined                              no-undef
  119:3   warning  '$' is not defined                              no-undef
  120:3   warning  '$' is not defined                              no-undef
  121:3   warning  '$' is not defined                              no-undef
  126:2   warning  Mixed spaces and tabs                           no-mixed-spaces-and-tabs
  127:2   warning  Mixed spaces and tabs                           no-mixed-spaces-and-tabs
  127:5   warning  '$' is not defined                              no-undef
  128:2   warning  Mixed spaces and tabs                           no-mixed-spaces-and-tabs
  128:5   warning  '$' is not defined                              no-undef
  129:2   warning  Mixed spaces and tabs                           no-mixed-spaces-and-tabs
  129:5   warning  '$' is not defined                              no-undef
  130:2   warning  Mixed spaces and tabs                           no-mixed-spaces-and-tabs
  130:6   warning  'lmimic' is not defined                         no-undef
  130:13  warning  'tankHSelect' is not defined                    no-undef
  141:1   warning  Mixed spaces and tabs                           no-mixed-spaces-and-tabs
  141:3   warning  'id1' is not defined                            no-undef
  142:6   warning  '$' is not defined                              no-undef
  144:3   warning  Mixed spaces and tabs                           no-mixed-spaces-and-tabs
  144:5   warning  '$' is not defined                              no-undef
  145:3   warning  Mixed spaces and tabs                           no-mixed-spaces-and-tabs
  146:5   warning  '$' is not defined                              no-undef
  147:3   warning  Mixed spaces and tabs                           no-mixed-spaces-and-tabs
  147:21  warning  '$' is not defined                              no-undef
  149:6   warning  '$' is not defined                              no-undef
  153:10  warning  'id1' is not defined                            no-undef
  154:22  warning  'calculateTimeForLvl' is not defined            no-undef
  155:8   warning  '$' is not defined                              no-undef
  156:8   warning  '$' is not defined                              no-undef
  157:8   warning  'id1' is not defined                            no-undef
  159:8   warning  'addToLevelMasterJSON' is not defined           no-undef
  160:8   warning  '$' is not defined                              no-undef
  162:29  warning  'calculateTimeForLvl' is not defined            no-undef
  163:6   warning  '$' is not defined                              no-undef
  169:17  warning  'id1' is not defined                            no-undef
  170:5   warning  Mixed spaces and tabs                           no-mixed-spaces-and-tabs
  171:7   warning  '$' is not defined                              no-undef
  175:17  warning  '$' is not defined                              no-undef
  177:22  warning  'calculateTimeForLvl' is not defined            no-undef
  179:8   warning  '$' is not defined                              no-undef
  180:8   warning  '$' is not defined                              no-undef
  182:8   warning  'addToLevelMasterJSON' is not defined           no-undef
  183:8   warning  '$' is not defined                              no-undef
  184:8   warning  'id1' is not defined                            no-undef
  189:7   warning  Mixed spaces and tabs                           no-mixed-spaces-and-tabs
  189:9   warning  '$' is not defined                              no-undef
  189:79  warning  'calculateTimeForLvl' is not defined            no-undef
  192:6   warning  'id1' is not defined                            no-undef
  197:1   warning  Mixed spaces and tabs                           no-mixed-spaces-and-tabs
  198:1   warning  Mixed spaces and tabs                           no-mixed-spaces-and-tabs
  199:1   warning  Mixed spaces and tabs                           no-mixed-spaces-and-tabs
  200:1   warning  Mixed spaces and tabs                           no-mixed-spaces-and-tabs
  201:1   warning  Mixed spaces and tabs                           no-mixed-spaces-and-tabs

/home/runner/work/exp-design-ultrasonic-sensors-coep/exp-design-ultrasonic-sensors-coep/experiment/simulation/src/mainPage3.js
    1:5   warning  'ArrayJson' is assigned a value but never used  no-unused-vars
    2:10  warning  'mainPage3' is defined but never used           no-unused-vars
    4:2   warning  '$' is not defined                              no-undef
    5:6   warning  '$' is not defined                              no-undef
    6:6   warning  '$' is not defined                              no-undef
    7:7   warning  '$' is not defined                              no-undef
    8:7   warning  '$' is not defined                              no-undef
    9:7   warning  '$' is not defined                              no-undef
   16:1   warning  Mixed spaces and tabs                           no-mixed-spaces-and-tabs
   17:1   warning  Mixed spaces and tabs                           no-mixed-spaces-and-tabs
   18:1   warning  Mixed spaces and tabs                           no-mixed-spaces-and-tabs
   19:1   warning  Mixed spaces and tabs                           no-mixed-spaces-and-tabs
   20:1   warning  Mixed spaces and tabs                           no-mixed-spaces-and-tabs
   21:1   warning  Mixed spaces and tabs                           no-mixed-spaces-and-tabs
   22:1   warning  Mixed spaces and tabs                           no-mixed-spaces-and-tabs
   27:1   warning  Mixed spaces and tabs                           no-mixed-spaces-and-tabs
   28:1   warning  Mixed spaces and tabs                           no-mixed-spaces-and-tabs
   29:1   warning  Mixed spaces and tabs                           no-mixed-spaces-and-tabs
   30:1   warning  Mixed spaces and tabs                           no-mixed-spaces-and-tabs
   31:1   warning  Mixed spaces and tabs                           no-mixed-spaces-and-tabs
   32:1   warning  Mixed spaces and tabs                           no-mixed-spaces-and-tabs
   33:1   warning  Mixed spaces and tabs                           no-mixed-spaces-and-tabs
   34:1   warning  Mixed spaces and tabs                           no-mixed-spaces-and-tabs
   35:1   warning  Mixed spaces and tabs                           no-mixed-spaces-and-tabs
   36:1   warning  Mixed spaces and tabs                           no-mixed-spaces-and-tabs
   37:1   warning  Mixed spaces and tabs                           no-mixed-spaces-and-tabs
   38:1   warning  Mixed spaces and tabs                           no-mixed-spaces-and-tabs
   39:1   warning  Mixed spaces and tabs                           no-mixed-spaces-and-tabs
   40:1   warning  Mixed spaces and tabs                           no-mixed-spaces-and-tabs
   41:1   warning  Mixed spaces and tabs                           no-mixed-spaces-and-tabs
   42:1   warning  Mixed spaces and tabs                           no-mixed-spaces-and-tabs
   43:1   warning  Mixed spaces and tabs                           no-mixed-spaces-and-tabs
   44:1   warning  Mixed spaces and tabs                           no-mixed-spaces-and-tabs
   45:1   warning  Mixed spaces and tabs                           no-mixed-spaces-and-tabs
   46:1   warning  Mixed spaces and tabs                           no-mixed-spaces-and-tabs
   47:1   warning  Mixed spaces and tabs                           no-mixed-spaces-and-tabs
   48:1   warning  Mixed spaces and tabs                           no-mixed-spaces-and-tabs
   49:1   warning  Mixed spaces and tabs                           no-mixed-spaces-and-tabs
   50:1   warning  Mixed spaces and tabs                           no-mixed-spaces-and-tabs
   51:1   warning  Mixed spaces and tabs                           no-mixed-spaces-and-tabs
   52:1   warning  Mixed spaces and tabs                           no-mixed-spaces-and-tabs
   53:1   warning  Mixed spaces and tabs                           no-mixed-spaces-and-tabs
   54:1   warning  Mixed spaces and tabs                           no-mixed-spaces-and-tabs
   55:1   warning  Mixed spaces and tabs                           no-mixed-spaces-and-tabs
   56:1   warning  Mixed spaces and tabs                           no-mixed-spaces-and-tabs
   57:1   warning  Mixed spaces and tabs                           no-mixed-spaces-and-tabs
   58:1   warning  Mixed spaces and tabs                           no-mixed-spaces-and-tabs
   59:1   warning  Mixed spaces and tabs                           no-mixed-spaces-and-tabs
   60:1   warning  Mixed spaces and tabs                           no-mixed-spaces-and-tabs
   61:1   warning  Mixed spaces and tabs                           no-mixed-spaces-and-tabs
   62:1   warning  Mixed spaces and tabs                           no-mixed-spaces-and-tabs
   63:1   warning  Mixed spaces and tabs                           no-mixed-spaces-and-tabs
   64:1   warning  Mixed spaces and tabs                           no-mixed-spaces-and-tabs
   65:1   warning  Mixed spaces and tabs                           no-mixed-spaces-and-tabs
   66:1   warning  Mixed spaces and tabs                           no-mixed-spaces-and-tabs
   67:1   warning  Mixed spaces and tabs                           no-mixed-spaces-and-tabs
   68:1   warning  Mixed spaces and tabs                           no-mixed-spaces-and-tabs
   69:1   warning  Mixed spaces and tabs                           no-mixed-spaces-and-tabs
   70:1   warning  Mixed spaces and tabs                           no-mixed-spaces-and-tabs
   71:1   warning  Mixed spaces and tabs                           no-mixed-spaces-and-tabs
   72:1   warning  Mixed spaces and tabs                           no-mixed-spaces-and-tabs
   73:1   warning  Mixed spaces and tabs                           no-mixed-spaces-and-tabs
   74:1   warning  Mixed spaces and tabs                           no-mixed-spaces-and-tabs
   75:1   warning  Mixed spaces and tabs                           no-mixed-spaces-and-tabs
   76:1   warning  Mixed spaces and tabs                           no-mixed-spaces-and-tabs
   77:1   warning  Mixed spaces and tabs                           no-mixed-spaces-and-tabs
   78:1   warning  Mixed spaces and tabs                           no-mixed-spaces-and-tabs
   79:1   warning  Mixed spaces and tabs                           no-mixed-spaces-and-tabs
   80:1   warning  Mixed spaces and tabs                           no-mixed-spaces-and-tabs
   81:1   warning  Mixed spaces and tabs                           no-mixed-spaces-and-tabs
   82:1   warning  Mixed spaces and tabs                           no-mixed-spaces-and-tabs
   83:1   warning  Mixed spaces and tabs                           no-mixed-spaces-and-tabs
   84:1   warning  Mixed spaces and tabs                           no-mixed-spaces-and-tabs
   85:1   warning  Mixed spaces and tabs                           no-mixed-spaces-and-tabs
   86:1   warning  Mixed spaces and tabs                           no-mixed-spaces-and-tabs
   87:1   warning  Mixed spaces and tabs                           no-mixed-spaces-and-tabs
   88:1   warning  Mixed spaces and tabs                           no-mixed-spaces-and-tabs
   89:1   warning  Mixed spaces and tabs                           no-mixed-spaces-and-tabs
   90:1   warning  Mixed spaces and tabs                           no-mixed-spaces-and-tabs
   91:1   warning  Mixed spaces and tabs                           no-mixed-spaces-and-tabs
   92:1   warning  Mixed spaces and tabs                           no-mixed-spaces-and-tabs
   93:1   warning  Mixed spaces and tabs                           no-mixed-spaces-and-tabs
   95:1   warning  Mixed spaces and tabs                           no-mixed-spaces-and-tabs
   96:1   warning  Mixed spaces and tabs                           no-mixed-spaces-and-tabs
  100:1   warning  Mixed spaces and tabs                           no-mixed-spaces-and-tabs
  101:1   warning  Mixed spaces and tabs                           no-mixed-spaces-and-tabs
  102:1   warning  Mixed spaces and tabs                           no-mixed-spaces-and-tabs
  105:1   warning  Mixed spaces and tabs                           no-mixed-spaces-and-tabs
  106:1   warning  Mixed spaces and tabs                           no-mixed-spaces-and-tabs
  108:1   warning  Mixed spaces and tabs                           no-mixed-spaces-and-tabs
  109:1   warning  Mixed spaces and tabs                           no-mixed-spaces-and-tabs
  110:1   warning  Mixed spaces and tabs                           no-mixed-spaces-and-tabs
  113:1   warning  Mixed spaces and tabs                           no-mixed-spaces-and-tabs
  133:3   warning  '$' is not defined                              no-undef
  135:5   warning  'id' is not defined                             no-undef
  136:6   warning  '$' is not defined                              no-undef
  137:3   warning  Mixed spaces and tabs                           no-mixed-spaces-and-tabs
  138:5   warning  '$' is not defined                              no-undef
  139:3   warning  Mixed spaces and tabs                           no-mixed-spaces-and-tabs
  139:21  warning  '$' is not defined                              no-undef
  144:6   warning  '$' is not defined                              no-undef
  150:10  warning  'id' is not defined                             no-undef
  151:22  warning  'calculateTime' is not defined                  no-undef
  152:8   warning  '$' is not defined                              no-undef
  153:8   warning  '$' is not defined                              no-undef
  154:8   warning  'id' is not defined                             no-undef
  156:8   warning  'addToMasterJSON' is not defined                no-undef
  157:8   warning  '$' is not defined                              no-undef
  159:29  warning  'calculateTime' is not defined                  no-undef
  160:6   warning  '$' is not defined                              no-undef
  166:17  warning  'id' is not defined                             no-undef
  167:5   warning  Mixed spaces and tabs                           no-mixed-spaces-and-tabs
  168:7   warning  '$' is not defined                              no-undef
  172:17  warning  '$' is not defined                              no-undef
  174:22  warning  'calculateTime' is not defined                  no-undef
  176:8   warning  '$' is not defined                              no-undef
  177:8   warning  '$' is not defined                              no-undef
  179:8   warning  'addToMasterJSON' is not defined                no-undef
  180:8   warning  '$' is not defined                              no-undef
  181:8   warning  'id' is not defined                             no-undef
  185:7   warning  Mixed spaces and tabs                           no-mixed-spaces-and-tabs
  185:9   warning  '$' is not defined                              no-undef
  185:79  warning  'calculateTime' is not defined                  no-undef
  188:6   warning  'id' is not defined                             no-undef
  201:6   warning  '$' is not defined                              no-undef
  202:1   warning  Mixed spaces and tabs                           no-mixed-spaces-and-tabs
  202:3   warning  'pipeSizeSelect' is not defined                 no-undef
  202:18  warning  '$' is not defined                              no-undef
  203:2   warning  Mixed spaces and tabs                           no-mixed-spaces-and-tabs
  203:6   warning  'angleSelect' is not defined                    no-undef
  203:18  warning  '$' is not defined                              no-undef
  204:2   warning  Mixed spaces and tabs                           no-mixed-spaces-and-tabs
  204:6   warning  'flowRateSelect' is not defined                 no-undef
  204:21  warning  '$' is not defined                              no-undef
  205:4   warning  'fluidSelect' is not defined                    no-undef
  205:16  warning  '$' is not defined                              no-undef
  207:4   warning  'distSelect' is not defined                     no-undef
  207:15  warning  '$' is not defined                              no-undef
  218:2   warning  Mixed spaces and tabs                           no-mixed-spaces-and-tabs
  219:2   warning  Mixed spaces and tabs                           no-mixed-spaces-and-tabs
  220:2   warning  Mixed spaces and tabs                           no-mixed-spaces-and-tabs
  220:9   warning  'pipeSizeSelect' is not defined                 no-undef
  221:3   warning  '$' is not defined                              no-undef
  222:3   warning  '$' is not defined                              no-undef
  224:11  warning  'angleSelect' is not defined                    no-undef
  225:3   warning  '$' is not defined                              no-undef
  226:3   warning  '$' is not defined                              no-undef
  228:11  warning  'flowRateSelect' is not defined                 no-undef
  229:3   warning  '$' is not defined                              no-undef
  230:3   warning  '$' is not defined                              no-undef
  232:11  warning  'fluidSelect' is not defined                    no-undef
  233:3   warning  '$' is not defined                              no-undef
  234:3   warning  '$' is not defined                              no-undef
  236:11  warning  'distSelect' is not defined                     no-undef
  237:3   warning  '$' is not defined                              no-undef
  238:3   warning  '$' is not defined                              no-undef
  240:3   warning  '$' is not defined                              no-undef
  241:3   warning  '$' is not defined                              no-undef
  242:3   warning  '$' is not defined                              no-undef
  243:3   warning  '$' is not defined                              no-undef
  244:3   warning  '$' is not defined                              no-undef
  245:3   warning  '$' is not defined                              no-undef
  246:3   warning  '$' is not defined                              no-undef
  247:3   warning  '$' is not defined                              no-undef
  251:2   warning  Mixed spaces and tabs                           no-mixed-spaces-and-tabs
  252:2   warning  Mixed spaces and tabs                           no-mixed-spaces-and-tabs
  253:2   warning  Mixed spaces and tabs                           no-mixed-spaces-and-tabs
  253:5   warning  '$' is not defined                              no-undef
  254:2   warning  Mixed spaces and tabs                           no-mixed-spaces-and-tabs
  255:2   warning  Mixed spaces and tabs                           no-mixed-spaces-and-tabs
  255:6   warning  'fmimic' is not defined                         no-undef
  255:13  warning  'pipeSizeSelect' is not defined                 no-undef
  255:28  warning  'angleSelect' is not defined                    no-undef
  255:40  warning  'flowRateSelect' is not defined                 no-undef
  255:55  warning  'fluidSelect' is not defined                    no-undef
  255:67  warning  'distSelect' is not defined                     no-undef
  264:1   warning  Mixed spaces and tabs                           no-mixed-spaces-and-tabs

/home/runner/work/exp-design-ultrasonic-sensors-coep/exp-design-ultrasonic-sensors-coep/experiment/simulation/src/mimic.js
    1:10  warning  'mimic' is defined but never used                  no-unused-vars
    1:16  warning  'pipeSizeSelect' is defined but never used         no-unused-vars
    1:31  warning  'angleSelect' is defined but never used            no-unused-vars
    1:43  warning  'flowRateSelect' is defined but never used         no-unused-vars
    1:58  warning  'fluidSelect' is defined but never used            no-unused-vars
    1:70  warning  'distSelect' is defined but never used             no-unused-vars
    2:2   warning  '$' is not defined                                 no-undef
    3:5   warning  '$' is not defined                                 no-undef
    4:5   warning  '$' is not defined                                 no-undef
    5:5   warning  '$' is not defined                                 no-undef
    7:1   warning  '$' is not defined                                 no-undef
    8:2   warning  '$' is not defined                                 no-undef
   12:14  warning  '$' is not defined                                 no-undef
   14:6   warning  '$' is not defined                                 no-undef
   15:3   warning  'width' is assigned a value but never used         no-unused-vars
   15:11  warning  '$' is not defined                                 no-undef
   16:3   warning  'paper' is not defined                             no-undef
   16:15  warning  'Raphael' is not defined                           no-undef
   17:3   warning  'paper' is not defined                             no-undef
   18:3   warning  'paper' is not defined                             no-undef
   20:3   warning  'paper' is not defined                             no-undef
   20:15  warning  'Raphael' is not defined                           no-undef
   21:3   warning  'paper' is not defined                             no-undef
   22:3   warning  'paper' is not defined                             no-undef
   30:5   warning  'circle' is defined but never used                 no-unused-vars
   30:12  warning  'circle1' is defined but never used                no-unused-vars
   31:5   warning  'simuli' is assigned a value but never used        no-unused-vars
   33:5   warning  'waves' is defined but never used                  no-unused-vars
   34:5   warning  'waveflag' is assigned a value but never used      no-unused-vars
   43:11  warning  'paper' is not defined                             no-undef
   45:10  warning  'tankDesign' is defined but never used             no-unused-vars
   46:6   warning  'w' is assigned a value but never used             no-unused-vars
   47:5   warning  'h' is assigned a value but never used             no-unused-vars
   48:5   warning  'color' is assigned a value but never used         no-unused-vars
   49:5   warning  'color1' is assigned a value but never used        no-unused-vars
   50:5   warning  'levelSensor' is assigned a value but never used   no-unused-vars
   50:17  warning  'paper' is not defined                             no-undef
   52:5   warning  'tank' is assigned a value but never used          no-unused-vars
   52:12  warning  'paper' is not defined                             no-undef
   54:5   warning  'bwater' is assigned a value but never used        no-unused-vars
   54:12  warning  'paper' is not defined                             no-undef
   56:5   warning  'Wborder' is assigned a value but never used       no-unused-vars
   56:13  warning  'paper' is not defined                             no-undef
   59:5   warning  'inlet' is assigned a value but never used         no-unused-vars
   59:13  warning  'paper' is not defined                             no-undef
   63:5   warning  'd1' is assigned a value but never used            no-unused-vars
   63:9   warning  'paper' is not defined                             no-undef
   65:13  warning  'paper' is not defined                             no-undef
   67:5   warning  'd2' is assigned a value but never used            no-unused-vars
   67:9   warning  'paper' is not defined                             no-undef
   68:10  warning  'waterFill' is defined but never used              no-unused-vars
   70:19  warning  'paper' is not defined                             no-undef
   83:2   warning  'waterFill' is not defined                         no-undef
   93:5   warning  'pipe' is assigned a value but never used          no-unused-vars
   93:12  warning  'paper' is not defined                             no-undef
   94:5   warning  'btm_line' is assigned a value but never used      no-unused-vars
   94:16  warning  'paper' is not defined                             no-undef
   95:5   warning  'top_line' is assigned a value but never used      no-unused-vars
   95:16  warning  'paper' is not defined                             no-undef
  102:7   warning  'sensorTop' is assigned a value but never used     no-unused-vars
  102:19  warning  'paper' is not defined                             no-undef
  103:7   warning  'sensorBottom' is assigned a value but never used  no-unused-vars
  103:22  warning  'paper' is not defined                             no-undef
  117:9   warning  'paper' is not defined                             no-undef
  120:9   warning  'paper' is not defined                             no-undef
  124:1   warning  Mixed spaces and tabs                              no-mixed-spaces-and-tabs
  131:18  warning  'paper' is not defined                             no-undef
  135:18  warning  'Raphael' is not defined                           no-undef
  147:17  warning  'paper' is not defined                             no-undef
  151:17  warning  'Raphael' is not defined                           no-undef
  157:5   warning  'totalDelay' is assigned a value but never used    no-unused-vars
  176:15  warning  'paper' is not defined                             no-undef
  178:12  warning  'paper' is not defined                             no-undef
  181:15  warning  'paper' is not defined                             no-undef
  184:10  warning  'paper' is not defined                             no-undef
  199:10  warning  'tank' is defined but never used                   no-unused-vars
  200:6   warning  'tank' is assigned a value but never used          no-unused-vars
  200:11  warning  'paper' is not defined                             no-undef

/home/runner/work/exp-design-ultrasonic-sensors-coep/exp-design-ultrasonic-sensors-coep/experiment/simulation/src/questionJson.js
    3:1  warning  'QuestionsJSON' is not defined                   no-undef
  114:5  warning  'ANSWERJSON' is assigned a value but never used  no-unused-vars

/home/runner/work/exp-design-ultrasonic-sensors-coep/exp-design-ultrasonic-sensors-coep/experiment/simulation/src/questions.js
    4:4   warning  'data' is not defined           no-undef
    5:4   warning  'dataQues' is not defined       no-undef
   11:24  warning  'QuestionsJSON' is not defined  no-undef
   13:25  warning  'QuestionsJSON' is not defined  no-undef
   19:9   warning  'QuestionsJSON' is not defined  no-undef
   22:26  warning  'QuestionsJSON' is not defined  no-undef
   27:86  warning  'QuestionsJSON' is not defined  no-undef
   29:10  warning  'QuestionsJSON' is not defined  no-undef
   32:10  warning  'QuestionsJSON' is not defined  no-undef
   73:4   warning  '$' is not defined              no-undef
   75:4   warning  '$' is not defined              no-undef
   76:5   warning  '$' is not defined              no-undef
   80:26  warning  'QuestionsJSON' is not defined  no-undef
   82:17  warning  '$' is not defined              no-undef
   85:19  warning  '$' is not defined              no-undef
   88:17  warning  '$' is not defined              no-undef
   95:8   warning  '$' is not defined              no-undef
   96:8   warning  '$' is not defined              no-undef
  109:16  warning  'i' is already defined          no-redeclare
  114:7   warning  'dataQues' is not defined       no-undef
  115:6   warning  Mixed spaces and tabs           no-mixed-spaces-and-tabs
  115:8   warning  'data' is not defined           no-undef
  115:23  warning  'dataQues' is not defined       no-undef
  117:6   warning  Mixed spaces and tabs           no-mixed-spaces-and-tabs
  118:6   warning  Mixed spaces and tabs           no-mixed-spaces-and-tabs
  118:8   warning  '$' is not defined              no-undef
  119:26  warning  '$' is not defined              no-undef
  120:6   warning  Mixed spaces and tabs           no-mixed-spaces-and-tabs
  121:6   warning  Mixed spaces and tabs           no-mixed-spaces-and-tabs
  121:11  warning  '$' is not defined              no-undef
  123:2   warning  Mixed spaces and tabs           no-mixed-spaces-and-tabs
  126:6   warning  '$' is not defined              no-undef
  127:6   warning  Mixed spaces and tabs           no-mixed-spaces-and-tabs
  128:1   warning  Mixed spaces and tabs           no-mixed-spaces-and-tabs
  130:5   warning  '$' is not defined              no-undef
  131:1   warning  Mixed spaces and tabs           no-mixed-spaces-and-tabs
  131:15  warning  '$' is not defined              no-undef
  132:5   warning  'mainPage1' is not defined      no-undef

/home/runner/work/exp-design-ultrasonic-sensors-coep/exp-design-ultrasonic-sensors-coep/experiment/simulation/src/table.js
    1:10  warning  'tableCreate' is defined but never used       no-unused-vars
   29:6   warning  'tableReading' is not defined                 no-undef
   33:2   warning  '$' is not defined                            no-undef
   34:2   warning  'tableReading' is not defined                 no-undef
   36:2   warning  '$' is not defined                            no-undef
   37:3   warning  'mainPage2' is not defined                    no-undef
   64:10  warning  'tableCreateLevel' is defined but never used  no-unused-vars
   95:6   warning  'tableReading' is not defined                 no-undef
   99:2   warning  '$' is not defined                            no-undef
  100:2   warning  'tableReading' is not defined                 no-undef
  102:2   warning  '$' is not defined                            no-undef
  103:3   warning  '$' is not defined                            no-undef

✖ 966 problems (1 error, 965 warnings)
  0 errors and 1 warning potentially fixable with the `--fix` option.

